The target system is: Windows -  - 
The host system is: Linux - 5.13.0-30-generic - x86_64
Compiling the C compiler identification source file "CMakeCCompilerId.c" succeeded.
Compiler: /usr/bin/x86_64-w64-mingw32-gcc-9 
Build flags: 
Id flags:  

The output was:
0


Compilation of the C compiler identification source "CMakeCCompilerId.c" produced "a.exe"

The C compiler identification is GNU, found in "/home/grant/Projects/compiled/hello/build/CMakeFiles/3.16.3/CompilerIdC/a.exe"

Compiling the CXX compiler identification source file "CMakeCXXCompilerId.cpp" succeeded.
Compiler: /usr/bin/x86_64-w64-mingw32-g++ 
Build flags: 
Id flags:  

The output was:
0


Compilation of the CXX compiler identification source "CMakeCXXCompilerId.cpp" produced "a.exe"

The CXX compiler identification is GNU, found in "/home/grant/Projects/compiled/hello/build/CMakeFiles/3.16.3/CompilerIdCXX/a.exe"

Determining if the C compiler works passed with the following output:
Change Dir: /home/grant/Projects/compiled/hello/build/CMakeFiles/CMakeTmp

Run Build Command(s):/usr/bin/make cmTC_775e6/fast && /usr/bin/make -f CMakeFiles/cmTC_775e6.dir/build.make CMakeFiles/cmTC_775e6.dir/build
make[1]: Entering directory '/home/grant/Projects/compiled/hello/build/CMakeFiles/CMakeTmp'
Building C object CMakeFiles/cmTC_775e6.dir/testCCompiler.c.obj
/usr/bin/x86_64-w64-mingw32-gcc-9    -o CMakeFiles/cmTC_775e6.dir/testCCompiler.c.obj   -c /home/grant/Projects/compiled/hello/build/CMakeFiles/CMakeTmp/testCCompiler.c
Linking C executable cmTC_775e6.exe
/usr/bin/cmake -E cmake_link_script CMakeFiles/cmTC_775e6.dir/link.txt --verbose=1
/usr/bin/cmake -E remove -f CMakeFiles/cmTC_775e6.dir/objects.a
/usr/bin/x86_64-w64-mingw32-ar cr CMakeFiles/cmTC_775e6.dir/objects.a @CMakeFiles/cmTC_775e6.dir/objects1.rsp
/usr/bin/x86_64-w64-mingw32-gcc-9    -static-libgcc -static-libstdc++  -Wl,--whole-archive CMakeFiles/cmTC_775e6.dir/objects.a -Wl,--no-whole-archive  -o cmTC_775e6.exe -Wl,--out-implib,libcmTC_775e6.dll.a -Wl,--major-image-version,0,--minor-image-version,0 @CMakeFiles/cmTC_775e6.dir/linklibs.rsp
make[1]: Leaving directory '/home/grant/Projects/compiled/hello/build/CMakeFiles/CMakeTmp'



Detecting C compiler ABI info compiled with the following output:
Change Dir: /home/grant/Projects/compiled/hello/build/CMakeFiles/CMakeTmp

Run Build Command(s):/usr/bin/make cmTC_6a472/fast && /usr/bin/make -f CMakeFiles/cmTC_6a472.dir/build.make CMakeFiles/cmTC_6a472.dir/build
make[1]: Entering directory '/home/grant/Projects/compiled/hello/build/CMakeFiles/CMakeTmp'
Building C object CMakeFiles/cmTC_6a472.dir/CMakeCCompilerABI.c.obj
/usr/bin/x86_64-w64-mingw32-gcc-9   -v -o CMakeFiles/cmTC_6a472.dir/CMakeCCompilerABI.c.obj   -c /usr/share/cmake-3.16/Modules/CMakeCCompilerABI.c
Using built-in specs.
COLLECT_GCC=/usr/bin/x86_64-w64-mingw32-gcc-9
Target: x86_64-w64-mingw32
Configured with: ../../src/configure --build=x86_64-linux-gnu --prefix=/usr --includedir='/usr/include' --mandir='/usr/share/man' --infodir='/usr/share/info' --sysconfdir=/etc --localstatedir=/var --disable-silent-rules --libdir='/usr/lib/x86_64-linux-gnu' --libexecdir='/usr/lib/x86_64-linux-gnu' --disable-maintainer-mode --disable-dependency-tracking --prefix=/usr --enable-shared --enable-static --disable-multilib --with-system-zlib --libexecdir=/usr/lib --without-included-gettext --libdir=/usr/lib --enable-libstdcxx-time=yes --with-tune=generic --with-headers=/usr/x86_64-w64-mingw32/include --enable-version-specific-runtime-libs --enable-fully-dynamic-string --enable-libgomp --enable-languages=c,c++,fortran,objc,obj-c++,ada --enable-lto --enable-threads=win32 --program-suffix=-win32 --program-prefix=x86_64-w64-mingw32- --target=x86_64-w64-mingw32 --with-as=/usr/bin/x86_64-w64-mingw32-as --with-ld=/usr/bin/x86_64-w64-mingw32-ld --enable-libatomic --enable-libstdcxx-filesystem-ts=yes --enable-dependency-tracking
Thread model: win32
gcc version 9.3-win32 20200320 (GCC) 
COLLECT_GCC_OPTIONS='-v' '-o' 'CMakeFiles/cmTC_6a472.dir/CMakeCCompilerABI.c.obj' '-c' '-mtune=generic' '-march=x86-64'
 /usr/lib/gcc/x86_64-w64-mingw32/9.3-win32/cc1 -quiet -v -U_REENTRANT /usr/share/cmake-3.16/Modules/CMakeCCompilerABI.c -quiet -dumpbase CMakeCCompilerABI.c -mtune=generic -march=x86-64 -auxbase-strip CMakeFiles/cmTC_6a472.dir/CMakeCCompilerABI.c.obj -version -o /tmp/ccabvNL5.s
GNU C17 (GCC) version 9.3-win32 20200320 (x86_64-w64-mingw32)
	compiled by GNU C version 9.3.0, GMP version 6.2.0, MPFR version 4.0.2, MPC version 1.1.0, isl version isl-0.22.1-GMP

GGC heuristics: --param ggc-min-expand=100 --param ggc-min-heapsize=131072
ignoring nonexistent directory "/usr/lib/gcc/x86_64-w64-mingw32/9.3-win32/../../../../x86_64-w64-mingw32/sys-include"
#include "..." search starts here:
#include <...> search starts here:
 /usr/lib/gcc/x86_64-w64-mingw32/9.3-win32/include
 /usr/lib/gcc/x86_64-w64-mingw32/9.3-win32/include-fixed
 /usr/lib/gcc/x86_64-w64-mingw32/9.3-win32/../../../../x86_64-w64-mingw32/include
End of search list.
GNU C17 (GCC) version 9.3-win32 20200320 (x86_64-w64-mingw32)
	compiled by GNU C version 9.3.0, GMP version 6.2.0, MPFR version 4.0.2, MPC version 1.1.0, isl version isl-0.22.1-GMP

GGC heuristics: --param ggc-min-expand=100 --param ggc-min-heapsize=131072
Compiler executable checksum: b5fc4553660fb2502d01e29454682e29
COLLECT_GCC_OPTIONS='-v' '-o' 'CMakeFiles/cmTC_6a472.dir/CMakeCCompilerABI.c.obj' '-c' '-mtune=generic' '-march=x86-64'
 /usr/bin/x86_64-w64-mingw32-as -v -o CMakeFiles/cmTC_6a472.dir/CMakeCCompilerABI.c.obj /tmp/ccabvNL5.s
GNU assembler version 2.34 (x86_64-w64-mingw32) using BFD version (GNU Binutils) 2.34
COMPILER_PATH=/usr/lib/gcc/x86_64-w64-mingw32/9.3-win32/:/usr/lib/gcc/x86_64-w64-mingw32/9.3-win32/:/usr/lib/gcc/x86_64-w64-mingw32/:/usr/lib/gcc/x86_64-w64-mingw32/9.3-win32/:/usr/lib/gcc/x86_64-w64-mingw32/:/usr/lib/gcc/x86_64-w64-mingw32/9.3-win32/../../../../x86_64-w64-mingw32/bin/
LIBRARY_PATH=/usr/lib/gcc/x86_64-w64-mingw32/9.3-win32/:/usr/lib/gcc/x86_64-w64-mingw32/9.3-win32/../../../../x86_64-w64-mingw32/lib/
COLLECT_GCC_OPTIONS='-v' '-o' 'CMakeFiles/cmTC_6a472.dir/CMakeCCompilerABI.c.obj' '-c' '-mtune=generic' '-march=x86-64'
Linking C executable cmTC_6a472.exe
/usr/bin/cmake -E cmake_link_script CMakeFiles/cmTC_6a472.dir/link.txt --verbose=1
/usr/bin/cmake -E remove -f CMakeFiles/cmTC_6a472.dir/objects.a
/usr/bin/x86_64-w64-mingw32-ar cr CMakeFiles/cmTC_6a472.dir/objects.a @CMakeFiles/cmTC_6a472.dir/objects1.rsp
/usr/bin/x86_64-w64-mingw32-gcc-9    -static-libgcc -static-libstdc++ -v -Wl,--whole-archive CMakeFiles/cmTC_6a472.dir/objects.a -Wl,--no-whole-archive  -o cmTC_6a472.exe -Wl,--out-implib,libcmTC_6a472.dll.a -Wl,--major-image-version,0,--minor-image-version,0 
Using built-in specs.
COLLECT_GCC=/usr/bin/x86_64-w64-mingw32-gcc-9
COLLECT_LTO_WRAPPER=/usr/lib/gcc/x86_64-w64-mingw32/9.3-win32/lto-wrapper
Target: x86_64-w64-mingw32
Configured with: ../../src/configure --build=x86_64-linux-gnu --prefix=/usr --includedir='/usr/include' --mandir='/usr/share/man' --infodir='/usr/share/info' --sysconfdir=/etc --localstatedir=/var --disable-silent-rules --libdir='/usr/lib/x86_64-linux-gnu' --libexecdir='/usr/lib/x86_64-linux-gnu' --disable-maintainer-mode --disable-dependency-tracking --prefix=/usr --enable-shared --enable-static --disable-multilib --with-system-zlib --libexecdir=/usr/lib --without-included-gettext --libdir=/usr/lib --enable-libstdcxx-time=yes --with-tune=generic --with-headers=/usr/x86_64-w64-mingw32/include --enable-version-specific-runtime-libs --enable-fully-dynamic-string --enable-libgomp --enable-languages=c,c++,fortran,objc,obj-c++,ada --enable-lto --enable-threads=win32 --program-suffix=-win32 --program-prefix=x86_64-w64-mingw32- --target=x86_64-w64-mingw32 --with-as=/usr/bin/x86_64-w64-mingw32-as --with-ld=/usr/bin/x86_64-w64-mingw32-ld --enable-libatomic --enable-libstdcxx-filesystem-ts=yes --enable-dependency-tracking
Thread model: win32
gcc version 9.3-win32 20200320 (GCC) 
COMPILER_PATH=/usr/lib/gcc/x86_64-w64-mingw32/9.3-win32/:/usr/lib/gcc/x86_64-w64-mingw32/9.3-win32/:/usr/lib/gcc/x86_64-w64-mingw32/:/usr/lib/gcc/x86_64-w64-mingw32/9.3-win32/:/usr/lib/gcc/x86_64-w64-mingw32/:/usr/lib/gcc/x86_64-w64-mingw32/9.3-win32/../../../../x86_64-w64-mingw32/bin/
LIBRARY_PATH=/usr/lib/gcc/x86_64-w64-mingw32/9.3-win32/:/usr/lib/gcc/x86_64-w64-mingw32/9.3-win32/../../../../x86_64-w64-mingw32/lib/
COLLECT_GCC_OPTIONS='-static-libgcc' '-static-libstdc++' '-v' '-o' 'cmTC_6a472.exe' '-mtune=generic' '-march=x86-64'
 /usr/lib/gcc/x86_64-w64-mingw32/9.3-win32/collect2 -plugin /usr/lib/gcc/x86_64-w64-mingw32/9.3-win32/liblto_plugin.so -plugin-opt=/usr/lib/gcc/x86_64-w64-mingw32/9.3-win32/lto-wrapper -plugin-opt=-fresolution=/tmp/cc6rashE.res -plugin-opt=-pass-through=-lmingw32 -plugin-opt=-pass-through=-lgcc -plugin-opt=-pass-through=-lgcc_eh -plugin-opt=-pass-through=-lmoldname -plugin-opt=-pass-through=-lmingwex -plugin-opt=-pass-through=-lmsvcrt -plugin-opt=-pass-through=-ladvapi32 -plugin-opt=-pass-through=-lshell32 -plugin-opt=-pass-through=-luser32 -plugin-opt=-pass-through=-lkernel32 -plugin-opt=-pass-through=-lmingw32 -plugin-opt=-pass-through=-lgcc -plugin-opt=-pass-through=-lgcc_eh -plugin-opt=-pass-through=-lmoldname -plugin-opt=-pass-through=-lmingwex -plugin-opt=-pass-through=-lmsvcrt -m i386pep -Bdynamic -o cmTC_6a472.exe /usr/lib/gcc/x86_64-w64-mingw32/9.3-win32/../../../../x86_64-w64-mingw32/lib/crt2.o /usr/lib/gcc/x86_64-w64-mingw32/9.3-win32/crtbegin.o -L/usr/lib/gcc/x86_64-w64-mingw32/9.3-win32 -L/usr/lib/gcc/x86_64-w64-mingw32/9.3-win32/../../../../x86_64-w64-mingw32/lib --whole-archive CMakeFiles/cmTC_6a472.dir/objects.a --no-whole-archive --out-implib libcmTC_6a472.dll.a --major-image-version 0 --minor-image-version 0 -lmingw32 -lgcc -lgcc_eh -lmoldname -lmingwex -lmsvcrt -ladvapi32 -lshell32 -luser32 -lkernel32 -lmingw32 -lgcc -lgcc_eh -lmoldname -lmingwex -lmsvcrt /usr/lib/gcc/x86_64-w64-mingw32/9.3-win32/crtend.o
COLLECT_GCC_OPTIONS='-static-libgcc' '-static-libstdc++' '-v' '-o' 'cmTC_6a472.exe' '-mtune=generic' '-march=x86-64'
make[1]: Leaving directory '/home/grant/Projects/compiled/hello/build/CMakeFiles/CMakeTmp'



Parsed C implicit include dir info from above output: rv=done
  found start of include info
  found start of implicit include info
    add: [/usr/lib/gcc/x86_64-w64-mingw32/9.3-win32/include]
    add: [/usr/lib/gcc/x86_64-w64-mingw32/9.3-win32/include-fixed]
    add: [/usr/lib/gcc/x86_64-w64-mingw32/9.3-win32/../../../../x86_64-w64-mingw32/include]
  end of search list found
  collapse include dir [/usr/lib/gcc/x86_64-w64-mingw32/9.3-win32/include] ==> [/usr/lib/gcc/x86_64-w64-mingw32/9.3-win32/include]
  collapse include dir [/usr/lib/gcc/x86_64-w64-mingw32/9.3-win32/include-fixed] ==> [/usr/lib/gcc/x86_64-w64-mingw32/9.3-win32/include-fixed]
  collapse include dir [/usr/lib/gcc/x86_64-w64-mingw32/9.3-win32/../../../../x86_64-w64-mingw32/include] ==> [/usr/x86_64-w64-mingw32/include]
  implicit include dirs: [/usr/lib/gcc/x86_64-w64-mingw32/9.3-win32/include;/usr/lib/gcc/x86_64-w64-mingw32/9.3-win32/include-fixed;/usr/x86_64-w64-mingw32/include]


Parsed C implicit link information from above output:
  link line regex: [^( *|.*[/\])(x86_64-w64-mingw32-ld|CMAKE_LINK_STARTFILE-NOTFOUND|([^/\]+-)?ld|collect2)[^/\]*( |$)]
  ignore line: [Change Dir: /home/grant/Projects/compiled/hello/build/CMakeFiles/CMakeTmp]
  ignore line: []
  ignore line: [Run Build Command(s):/usr/bin/make cmTC_6a472/fast && /usr/bin/make -f CMakeFiles/cmTC_6a472.dir/build.make CMakeFiles/cmTC_6a472.dir/build]
  ignore line: [make[1]: Entering directory '/home/grant/Projects/compiled/hello/build/CMakeFiles/CMakeTmp']
  ignore line: [Building C object CMakeFiles/cmTC_6a472.dir/CMakeCCompilerABI.c.obj]
  ignore line: [/usr/bin/x86_64-w64-mingw32-gcc-9   -v -o CMakeFiles/cmTC_6a472.dir/CMakeCCompilerABI.c.obj   -c /usr/share/cmake-3.16/Modules/CMakeCCompilerABI.c]
  ignore line: [Using built-in specs.]
  ignore line: [COLLECT_GCC=/usr/bin/x86_64-w64-mingw32-gcc-9]
  ignore line: [Target: x86_64-w64-mingw32]
  ignore line: [Configured with: ../../src/configure --build=x86_64-linux-gnu --prefix=/usr --includedir='/usr/include' --mandir='/usr/share/man' --infodir='/usr/share/info' --sysconfdir=/etc --localstatedir=/var --disable-silent-rules --libdir='/usr/lib/x86_64-linux-gnu' --libexecdir='/usr/lib/x86_64-linux-gnu' --disable-maintainer-mode --disable-dependency-tracking --prefix=/usr --enable-shared --enable-static --disable-multilib --with-system-zlib --libexecdir=/usr/lib --without-included-gettext --libdir=/usr/lib --enable-libstdcxx-time=yes --with-tune=generic --with-headers=/usr/x86_64-w64-mingw32/include --enable-version-specific-runtime-libs --enable-fully-dynamic-string --enable-libgomp --enable-languages=c,c++,fortran,objc,obj-c++,ada --enable-lto --enable-threads=win32 --program-suffix=-win32 --program-prefix=x86_64-w64-mingw32- --target=x86_64-w64-mingw32 --with-as=/usr/bin/x86_64-w64-mingw32-as --with-ld=/usr/bin/x86_64-w64-mingw32-ld --enable-libatomic --enable-libstdcxx-filesystem-ts=yes --enable-dependency-tracking]
  ignore line: [Thread model: win32]
  ignore line: [gcc version 9.3-win32 20200320 (GCC) ]
  ignore line: [COLLECT_GCC_OPTIONS='-v' '-o' 'CMakeFiles/cmTC_6a472.dir/CMakeCCompilerABI.c.obj' '-c' '-mtune=generic' '-march=x86-64']
  ignore line: [ /usr/lib/gcc/x86_64-w64-mingw32/9.3-win32/cc1 -quiet -v -U_REENTRANT /usr/share/cmake-3.16/Modules/CMakeCCompilerABI.c -quiet -dumpbase CMakeCCompilerABI.c -mtune=generic -march=x86-64 -auxbase-strip CMakeFiles/cmTC_6a472.dir/CMakeCCompilerABI.c.obj -version -o /tmp/ccabvNL5.s]
  ignore line: [GNU C17 (GCC) version 9.3-win32 20200320 (x86_64-w64-mingw32)]
  ignore line: [	compiled by GNU C version 9.3.0  GMP version 6.2.0  MPFR version 4.0.2  MPC version 1.1.0  isl version isl-0.22.1-GMP]
  ignore line: []
  ignore line: [GGC heuristics: --param ggc-min-expand=100 --param ggc-min-heapsize=131072]
  ignore line: [ignoring nonexistent directory "/usr/lib/gcc/x86_64-w64-mingw32/9.3-win32/../../../../x86_64-w64-mingw32/sys-include"]
  ignore line: [#include "..." search starts here:]
  ignore line: [#include <...> search starts here:]
  ignore line: [ /usr/lib/gcc/x86_64-w64-mingw32/9.3-win32/include]
  ignore line: [ /usr/lib/gcc/x86_64-w64-mingw32/9.3-win32/include-fixed]
  ignore line: [ /usr/lib/gcc/x86_64-w64-mingw32/9.3-win32/../../../../x86_64-w64-mingw32/include]
  ignore line: [End of search list.]
  ignore line: [GNU C17 (GCC) version 9.3-win32 20200320 (x86_64-w64-mingw32)]
  ignore line: [	compiled by GNU C version 9.3.0  GMP version 6.2.0  MPFR version 4.0.2  MPC version 1.1.0  isl version isl-0.22.1-GMP]
  ignore line: []
  ignore line: [GGC heuristics: --param ggc-min-expand=100 --param ggc-min-heapsize=131072]
  ignore line: [Compiler executable checksum: b5fc4553660fb2502d01e29454682e29]
  ignore line: [COLLECT_GCC_OPTIONS='-v' '-o' 'CMakeFiles/cmTC_6a472.dir/CMakeCCompilerABI.c.obj' '-c' '-mtune=generic' '-march=x86-64']
  ignore line: [ /usr/bin/x86_64-w64-mingw32-as -v -o CMakeFiles/cmTC_6a472.dir/CMakeCCompilerABI.c.obj /tmp/ccabvNL5.s]
  ignore line: [GNU assembler version 2.34 (x86_64-w64-mingw32) using BFD version (GNU Binutils) 2.34]
  ignore line: [COMPILER_PATH=/usr/lib/gcc/x86_64-w64-mingw32/9.3-win32/:/usr/lib/gcc/x86_64-w64-mingw32/9.3-win32/:/usr/lib/gcc/x86_64-w64-mingw32/:/usr/lib/gcc/x86_64-w64-mingw32/9.3-win32/:/usr/lib/gcc/x86_64-w64-mingw32/:/usr/lib/gcc/x86_64-w64-mingw32/9.3-win32/../../../../x86_64-w64-mingw32/bin/]
  ignore line: [LIBRARY_PATH=/usr/lib/gcc/x86_64-w64-mingw32/9.3-win32/:/usr/lib/gcc/x86_64-w64-mingw32/9.3-win32/../../../../x86_64-w64-mingw32/lib/]
  ignore line: [COLLECT_GCC_OPTIONS='-v' '-o' 'CMakeFiles/cmTC_6a472.dir/CMakeCCompilerABI.c.obj' '-c' '-mtune=generic' '-march=x86-64']
  ignore line: [Linking C executable cmTC_6a472.exe]
  ignore line: [/usr/bin/cmake -E cmake_link_script CMakeFiles/cmTC_6a472.dir/link.txt --verbose=1]
  ignore line: [/usr/bin/cmake -E remove -f CMakeFiles/cmTC_6a472.dir/objects.a]
  ignore line: [/usr/bin/x86_64-w64-mingw32-ar cr CMakeFiles/cmTC_6a472.dir/objects.a @CMakeFiles/cmTC_6a472.dir/objects1.rsp]
  ignore line: [/usr/bin/x86_64-w64-mingw32-gcc-9    -static-libgcc -static-libstdc++ -v -Wl --whole-archive CMakeFiles/cmTC_6a472.dir/objects.a -Wl --no-whole-archive  -o cmTC_6a472.exe -Wl --out-implib libcmTC_6a472.dll.a -Wl --major-image-version 0 --minor-image-version 0 ]
  ignore line: [Using built-in specs.]
  ignore line: [COLLECT_GCC=/usr/bin/x86_64-w64-mingw32-gcc-9]
  ignore line: [COLLECT_LTO_WRAPPER=/usr/lib/gcc/x86_64-w64-mingw32/9.3-win32/lto-wrapper]
  ignore line: [Target: x86_64-w64-mingw32]
  ignore line: [Configured with: ../../src/configure --build=x86_64-linux-gnu --prefix=/usr --includedir='/usr/include' --mandir='/usr/share/man' --infodir='/usr/share/info' --sysconfdir=/etc --localstatedir=/var --disable-silent-rules --libdir='/usr/lib/x86_64-linux-gnu' --libexecdir='/usr/lib/x86_64-linux-gnu' --disable-maintainer-mode --disable-dependency-tracking --prefix=/usr --enable-shared --enable-static --disable-multilib --with-system-zlib --libexecdir=/usr/lib --without-included-gettext --libdir=/usr/lib --enable-libstdcxx-time=yes --with-tune=generic --with-headers=/usr/x86_64-w64-mingw32/include --enable-version-specific-runtime-libs --enable-fully-dynamic-string --enable-libgomp --enable-languages=c,c++,fortran,objc,obj-c++,ada --enable-lto --enable-threads=win32 --program-suffix=-win32 --program-prefix=x86_64-w64-mingw32- --target=x86_64-w64-mingw32 --with-as=/usr/bin/x86_64-w64-mingw32-as --with-ld=/usr/bin/x86_64-w64-mingw32-ld --enable-libatomic --enable-libstdcxx-filesystem-ts=yes --enable-dependency-tracking]
  ignore line: [Thread model: win32]
  ignore line: [gcc version 9.3-win32 20200320 (GCC) ]
  ignore line: [COMPILER_PATH=/usr/lib/gcc/x86_64-w64-mingw32/9.3-win32/:/usr/lib/gcc/x86_64-w64-mingw32/9.3-win32/:/usr/lib/gcc/x86_64-w64-mingw32/:/usr/lib/gcc/x86_64-w64-mingw32/9.3-win32/:/usr/lib/gcc/x86_64-w64-mingw32/:/usr/lib/gcc/x86_64-w64-mingw32/9.3-win32/../../../../x86_64-w64-mingw32/bin/]
  ignore line: [LIBRARY_PATH=/usr/lib/gcc/x86_64-w64-mingw32/9.3-win32/:/usr/lib/gcc/x86_64-w64-mingw32/9.3-win32/../../../../x86_64-w64-mingw32/lib/]
  ignore line: [COLLECT_GCC_OPTIONS='-static-libgcc' '-static-libstdc++' '-v' '-o' 'cmTC_6a472.exe' '-mtune=generic' '-march=x86-64']
  link line: [ /usr/lib/gcc/x86_64-w64-mingw32/9.3-win32/collect2 -plugin /usr/lib/gcc/x86_64-w64-mingw32/9.3-win32/liblto_plugin.so -plugin-opt=/usr/lib/gcc/x86_64-w64-mingw32/9.3-win32/lto-wrapper -plugin-opt=-fresolution=/tmp/cc6rashE.res -plugin-opt=-pass-through=-lmingw32 -plugin-opt=-pass-through=-lgcc -plugin-opt=-pass-through=-lgcc_eh -plugin-opt=-pass-through=-lmoldname -plugin-opt=-pass-through=-lmingwex -plugin-opt=-pass-through=-lmsvcrt -plugin-opt=-pass-through=-ladvapi32 -plugin-opt=-pass-through=-lshell32 -plugin-opt=-pass-through=-luser32 -plugin-opt=-pass-through=-lkernel32 -plugin-opt=-pass-through=-lmingw32 -plugin-opt=-pass-through=-lgcc -plugin-opt=-pass-through=-lgcc_eh -plugin-opt=-pass-through=-lmoldname -plugin-opt=-pass-through=-lmingwex -plugin-opt=-pass-through=-lmsvcrt -m i386pep -Bdynamic -o cmTC_6a472.exe /usr/lib/gcc/x86_64-w64-mingw32/9.3-win32/../../../../x86_64-w64-mingw32/lib/crt2.o /usr/lib/gcc/x86_64-w64-mingw32/9.3-win32/crtbegin.o -L/usr/lib/gcc/x86_64-w64-mingw32/9.3-win32 -L/usr/lib/gcc/x86_64-w64-mingw32/9.3-win32/../../../../x86_64-w64-mingw32/lib --whole-archive CMakeFiles/cmTC_6a472.dir/objects.a --no-whole-archive --out-implib libcmTC_6a472.dll.a --major-image-version 0 --minor-image-version 0 -lmingw32 -lgcc -lgcc_eh -lmoldname -lmingwex -lmsvcrt -ladvapi32 -lshell32 -luser32 -lkernel32 -lmingw32 -lgcc -lgcc_eh -lmoldname -lmingwex -lmsvcrt /usr/lib/gcc/x86_64-w64-mingw32/9.3-win32/crtend.o]
    arg [/usr/lib/gcc/x86_64-w64-mingw32/9.3-win32/collect2] ==> ignore
    arg [-plugin] ==> ignore
    arg [/usr/lib/gcc/x86_64-w64-mingw32/9.3-win32/liblto_plugin.so] ==> ignore
    arg [-plugin-opt=/usr/lib/gcc/x86_64-w64-mingw32/9.3-win32/lto-wrapper] ==> ignore
    arg [-plugin-opt=-fresolution=/tmp/cc6rashE.res] ==> ignore
    arg [-plugin-opt=-pass-through=-lmingw32] ==> ignore
    arg [-plugin-opt=-pass-through=-lgcc] ==> ignore
    arg [-plugin-opt=-pass-through=-lgcc_eh] ==> ignore
    arg [-plugin-opt=-pass-through=-lmoldname] ==> ignore
    arg [-plugin-opt=-pass-through=-lmingwex] ==> ignore
    arg [-plugin-opt=-pass-through=-lmsvcrt] ==> ignore
    arg [-plugin-opt=-pass-through=-ladvapi32] ==> ignore
    arg [-plugin-opt=-pass-through=-lshell32] ==> ignore
    arg [-plugin-opt=-pass-through=-luser32] ==> ignore
    arg [-plugin-opt=-pass-through=-lkernel32] ==> ignore
    arg [-plugin-opt=-pass-through=-lmingw32] ==> ignore
    arg [-plugin-opt=-pass-through=-lgcc] ==> ignore
    arg [-plugin-opt=-pass-through=-lgcc_eh] ==> ignore
    arg [-plugin-opt=-pass-through=-lmoldname] ==> ignore
    arg [-plugin-opt=-pass-through=-lmingwex] ==> ignore
    arg [-plugin-opt=-pass-through=-lmsvcrt] ==> ignore
    arg [-m] ==> ignore
    arg [i386pep] ==> ignore
    arg [-Bdynamic] ==> ignore
    arg [-o] ==> ignore
    arg [cmTC_6a472.exe] ==> ignore
    arg [/usr/lib/gcc/x86_64-w64-mingw32/9.3-win32/../../../../x86_64-w64-mingw32/lib/crt2.o] ==> ignore
    arg [/usr/lib/gcc/x86_64-w64-mingw32/9.3-win32/crtbegin.o] ==> ignore
    arg [-L/usr/lib/gcc/x86_64-w64-mingw32/9.3-win32] ==> dir [/usr/lib/gcc/x86_64-w64-mingw32/9.3-win32]
    arg [-L/usr/lib/gcc/x86_64-w64-mingw32/9.3-win32/../../../../x86_64-w64-mingw32/lib] ==> dir [/usr/lib/gcc/x86_64-w64-mingw32/9.3-win32/../../../../x86_64-w64-mingw32/lib]
    arg [--whole-archive] ==> ignore
    arg [CMakeFiles/cmTC_6a472.dir/objects.a] ==> ignore
    arg [--no-whole-archive] ==> ignore
    arg [--out-implib] ==> ignore
    arg [libcmTC_6a472.dll.a] ==> ignore
    arg [--major-image-version] ==> ignore
    arg [0] ==> ignore
    arg [--minor-image-version] ==> ignore
    arg [0] ==> ignore
    arg [-lmingw32] ==> lib [mingw32]
    arg [-lgcc] ==> lib [gcc]
    arg [-lgcc_eh] ==> lib [gcc_eh]
    arg [-lmoldname] ==> lib [moldname]
    arg [-lmingwex] ==> lib [mingwex]
    arg [-lmsvcrt] ==> lib [msvcrt]
    arg [-ladvapi32] ==> lib [advapi32]
    arg [-lshell32] ==> lib [shell32]
    arg [-luser32] ==> lib [user32]
    arg [-lkernel32] ==> lib [kernel32]
    arg [-lmingw32] ==> lib [mingw32]
    arg [-lgcc] ==> lib [gcc]
    arg [-lgcc_eh] ==> lib [gcc_eh]
    arg [-lmoldname] ==> lib [moldname]
    arg [-lmingwex] ==> lib [mingwex]
    arg [-lmsvcrt] ==> lib [msvcrt]
    arg [/usr/lib/gcc/x86_64-w64-mingw32/9.3-win32/crtend.o] ==> ignore
  remove lib [gcc_eh]
  remove lib [msvcrt]
  remove lib [gcc_eh]
  remove lib [msvcrt]
  collapse library dir [/usr/lib/gcc/x86_64-w64-mingw32/9.3-win32] ==> [/usr/lib/gcc/x86_64-w64-mingw32/9.3-win32]
  collapse library dir [/usr/lib/gcc/x86_64-w64-mingw32/9.3-win32/../../../../x86_64-w64-mingw32/lib] ==> [/usr/x86_64-w64-mingw32/lib]
  implicit libs: [mingw32;gcc;moldname;mingwex;advapi32;shell32;user32;kernel32;mingw32;gcc;moldname;mingwex]
  implicit dirs: [/usr/lib/gcc/x86_64-w64-mingw32/9.3-win32;/usr/x86_64-w64-mingw32/lib]
  implicit fwks: []


Determining if the CXX compiler works passed with the following output:
Change Dir: /home/grant/Projects/compiled/hello/build/CMakeFiles/CMakeTmp

Run Build Command(s):/usr/bin/make cmTC_dc2ff/fast && /usr/bin/make -f CMakeFiles/cmTC_dc2ff.dir/build.make CMakeFiles/cmTC_dc2ff.dir/build
make[1]: Entering directory '/home/grant/Projects/compiled/hello/build/CMakeFiles/CMakeTmp'
Building CXX object CMakeFiles/cmTC_dc2ff.dir/testCXXCompiler.cxx.obj
/usr/bin/x86_64-w64-mingw32-g++     -o CMakeFiles/cmTC_dc2ff.dir/testCXXCompiler.cxx.obj -c /home/grant/Projects/compiled/hello/build/CMakeFiles/CMakeTmp/testCXXCompiler.cxx
Linking CXX executable cmTC_dc2ff.exe
/usr/bin/cmake -E cmake_link_script CMakeFiles/cmTC_dc2ff.dir/link.txt --verbose=1
/usr/bin/cmake -E remove -f CMakeFiles/cmTC_dc2ff.dir/objects.a
/usr/bin/x86_64-w64-mingw32-ar cr CMakeFiles/cmTC_dc2ff.dir/objects.a @CMakeFiles/cmTC_dc2ff.dir/objects1.rsp
/usr/bin/x86_64-w64-mingw32-g++    -static-libgcc -static-libstdc++  -Wl,--whole-archive CMakeFiles/cmTC_dc2ff.dir/objects.a -Wl,--no-whole-archive  -o cmTC_dc2ff.exe -Wl,--out-implib,libcmTC_dc2ff.dll.a -Wl,--major-image-version,0,--minor-image-version,0 @CMakeFiles/cmTC_dc2ff.dir/linklibs.rsp
make[1]: Leaving directory '/home/grant/Projects/compiled/hello/build/CMakeFiles/CMakeTmp'



Detecting CXX compiler ABI info compiled with the following output:
Change Dir: /home/grant/Projects/compiled/hello/build/CMakeFiles/CMakeTmp

Run Build Command(s):/usr/bin/make cmTC_98244/fast && /usr/bin/make -f CMakeFiles/cmTC_98244.dir/build.make CMakeFiles/cmTC_98244.dir/build
make[1]: Entering directory '/home/grant/Projects/compiled/hello/build/CMakeFiles/CMakeTmp'
Building CXX object CMakeFiles/cmTC_98244.dir/CMakeCXXCompilerABI.cpp.obj
/usr/bin/x86_64-w64-mingw32-g++    -v -o CMakeFiles/cmTC_98244.dir/CMakeCXXCompilerABI.cpp.obj -c /usr/share/cmake-3.16/Modules/CMakeCXXCompilerABI.cpp
Using built-in specs.
COLLECT_GCC=/usr/bin/x86_64-w64-mingw32-g++
Target: x86_64-w64-mingw32
Configured with: ../../src/configure --build=x86_64-linux-gnu --prefix=/usr --includedir='/usr/include' --mandir='/usr/share/man' --infodir='/usr/share/info' --sysconfdir=/etc --localstatedir=/var --disable-silent-rules --libdir='/usr/lib/x86_64-linux-gnu' --libexecdir='/usr/lib/x86_64-linux-gnu' --disable-maintainer-mode --disable-dependency-tracking --prefix=/usr --enable-shared --enable-static --disable-multilib --with-system-zlib --libexecdir=/usr/lib --without-included-gettext --libdir=/usr/lib --enable-libstdcxx-time=yes --with-tune=generic --with-headers=/usr/x86_64-w64-mingw32/include --enable-version-specific-runtime-libs --enable-fully-dynamic-string --enable-libgomp --enable-languages=c,c++,fortran,objc,obj-c++,ada --enable-lto --enable-threads=win32 --program-suffix=-win32 --program-prefix=x86_64-w64-mingw32- --target=x86_64-w64-mingw32 --with-as=/usr/bin/x86_64-w64-mingw32-as --with-ld=/usr/bin/x86_64-w64-mingw32-ld --enable-libatomic --enable-libstdcxx-filesystem-ts=yes --enable-dependency-tracking
Thread model: win32
gcc version 9.3-win32 20200320 (GCC) 
COLLECT_GCC_OPTIONS='-v' '-o' 'CMakeFiles/cmTC_98244.dir/CMakeCXXCompilerABI.cpp.obj' '-c' '-shared-libgcc' '-mtune=generic' '-march=x86-64'
 /usr/lib/gcc/x86_64-w64-mingw32/9.3-win32/cc1plus -quiet -v -U_REENTRANT /usr/share/cmake-3.16/Modules/CMakeCXXCompilerABI.cpp -quiet -dumpbase CMakeCXXCompilerABI.cpp -mtune=generic -march=x86-64 -auxbase-strip CMakeFiles/cmTC_98244.dir/CMakeCXXCompilerABI.cpp.obj -version -o /tmp/ccIcUbqM.s
GNU C++14 (GCC) version 9.3-win32 20200320 (x86_64-w64-mingw32)
	compiled by GNU C version 9.3.0, GMP version 6.2.0, MPFR version 4.0.2, MPC version 1.1.0, isl version isl-0.22.1-GMP

GGC heuristics: --param ggc-min-expand=100 --param ggc-min-heapsize=131072
ignoring nonexistent directory "/usr/lib/gcc/x86_64-w64-mingw32/9.3-win32/../../../../x86_64-w64-mingw32/sys-include"
#include "..." search starts here:
#include <...> search starts here:
 /usr/lib/gcc/x86_64-w64-mingw32/9.3-win32/include/c++
 /usr/lib/gcc/x86_64-w64-mingw32/9.3-win32/include/c++/x86_64-w64-mingw32
 /usr/lib/gcc/x86_64-w64-mingw32/9.3-win32/include/c++/backward
 /usr/lib/gcc/x86_64-w64-mingw32/9.3-win32/include
 /usr/lib/gcc/x86_64-w64-mingw32/9.3-win32/include-fixed
 /usr/lib/gcc/x86_64-w64-mingw32/9.3-win32/../../../../x86_64-w64-mingw32/include
End of search list.
GNU C++14 (GCC) version 9.3-win32 20200320 (x86_64-w64-mingw32)
	compiled by GNU C version 9.3.0, GMP version 6.2.0, MPFR version 4.0.2, MPC version 1.1.0, isl version isl-0.22.1-GMP

GGC heuristics: --param ggc-min-expand=100 --param ggc-min-heapsize=131072
Compiler executable checksum: d7836c7d3b98738076e9d0390d68a018
COLLECT_GCC_OPTIONS='-v' '-o' 'CMakeFiles/cmTC_98244.dir/CMakeCXXCompilerABI.cpp.obj' '-c' '-shared-libgcc' '-mtune=generic' '-march=x86-64'
 /usr/bin/x86_64-w64-mingw32-as -v -o CMakeFiles/cmTC_98244.dir/CMakeCXXCompilerABI.cpp.obj /tmp/ccIcUbqM.s
GNU assembler version 2.34 (x86_64-w64-mingw32) using BFD version (GNU Binutils) 2.34
COMPILER_PATH=/usr/lib/gcc/x86_64-w64-mingw32/9.3-win32/:/usr/lib/gcc/x86_64-w64-mingw32/9.3-win32/:/usr/lib/gcc/x86_64-w64-mingw32/:/usr/lib/gcc/x86_64-w64-mingw32/9.3-win32/:/usr/lib/gcc/x86_64-w64-mingw32/:/usr/lib/gcc/x86_64-w64-mingw32/9.3-win32/../../../../x86_64-w64-mingw32/bin/
LIBRARY_PATH=/usr/lib/gcc/x86_64-w64-mingw32/9.3-win32/:/usr/lib/gcc/x86_64-w64-mingw32/9.3-win32/../../../../x86_64-w64-mingw32/lib/
COLLECT_GCC_OPTIONS='-v' '-o' 'CMakeFiles/cmTC_98244.dir/CMakeCXXCompilerABI.cpp.obj' '-c' '-shared-libgcc' '-mtune=generic' '-march=x86-64'
Linking CXX executable cmTC_98244.exe
/usr/bin/cmake -E cmake_link_script CMakeFiles/cmTC_98244.dir/link.txt --verbose=1
/usr/bin/cmake -E remove -f CMakeFiles/cmTC_98244.dir/objects.a
/usr/bin/x86_64-w64-mingw32-ar cr CMakeFiles/cmTC_98244.dir/objects.a @CMakeFiles/cmTC_98244.dir/objects1.rsp
/usr/bin/x86_64-w64-mingw32-g++    -static-libgcc -static-libstdc++ -v -Wl,--whole-archive CMakeFiles/cmTC_98244.dir/objects.a -Wl,--no-whole-archive  -o cmTC_98244.exe -Wl,--out-implib,libcmTC_98244.dll.a -Wl,--major-image-version,0,--minor-image-version,0 
Using built-in specs.
COLLECT_GCC=/usr/bin/x86_64-w64-mingw32-g++
COLLECT_LTO_WRAPPER=/usr/lib/gcc/x86_64-w64-mingw32/9.3-win32/lto-wrapper
Target: x86_64-w64-mingw32
Configured with: ../../src/configure --build=x86_64-linux-gnu --prefix=/usr --includedir='/usr/include' --mandir='/usr/share/man' --infodir='/usr/share/info' --sysconfdir=/etc --localstatedir=/var --disable-silent-rules --libdir='/usr/lib/x86_64-linux-gnu' --libexecdir='/usr/lib/x86_64-linux-gnu' --disable-maintainer-mode --disable-dependency-tracking --prefix=/usr --enable-shared --enable-static --disable-multilib --with-system-zlib --libexecdir=/usr/lib --without-included-gettext --libdir=/usr/lib --enable-libstdcxx-time=yes --with-tune=generic --with-headers=/usr/x86_64-w64-mingw32/include --enable-version-specific-runtime-libs --enable-fully-dynamic-string --enable-libgomp --enable-languages=c,c++,fortran,objc,obj-c++,ada --enable-lto --enable-threads=win32 --program-suffix=-win32 --program-prefix=x86_64-w64-mingw32- --target=x86_64-w64-mingw32 --with-as=/usr/bin/x86_64-w64-mingw32-as --with-ld=/usr/bin/x86_64-w64-mingw32-ld --enable-libatomic --enable-libstdcxx-filesystem-ts=yes --enable-dependency-tracking
Thread model: win32
gcc version 9.3-win32 20200320 (GCC) 
COMPILER_PATH=/usr/lib/gcc/x86_64-w64-mingw32/9.3-win32/:/usr/lib/gcc/x86_64-w64-mingw32/9.3-win32/:/usr/lib/gcc/x86_64-w64-mingw32/:/usr/lib/gcc/x86_64-w64-mingw32/9.3-win32/:/usr/lib/gcc/x86_64-w64-mingw32/:/usr/lib/gcc/x86_64-w64-mingw32/9.3-win32/../../../../x86_64-w64-mingw32/bin/
LIBRARY_PATH=/usr/lib/gcc/x86_64-w64-mingw32/9.3-win32/:/usr/lib/gcc/x86_64-w64-mingw32/9.3-win32/../../../../x86_64-w64-mingw32/lib/
COLLECT_GCC_OPTIONS='-static-libgcc' '-v' '-o' 'cmTC_98244.exe' '-mtune=generic' '-march=x86-64'
 /usr/lib/gcc/x86_64-w64-mingw32/9.3-win32/collect2 -plugin /usr/lib/gcc/x86_64-w64-mingw32/9.3-win32/liblto_plugin.so -plugin-opt=/usr/lib/gcc/x86_64-w64-mingw32/9.3-win32/lto-wrapper -plugin-opt=-fresolution=/tmp/ccP5dX7p.res -plugin-opt=-pass-through=-lmingw32 -plugin-opt=-pass-through=-lgcc -plugin-opt=-pass-through=-lgcc_eh -plugin-opt=-pass-through=-lmoldname -plugin-opt=-pass-through=-lmingwex -plugin-opt=-pass-through=-lmsvcrt -plugin-opt=-pass-through=-ladvapi32 -plugin-opt=-pass-through=-lshell32 -plugin-opt=-pass-through=-luser32 -plugin-opt=-pass-through=-lkernel32 -plugin-opt=-pass-through=-lmingw32 -plugin-opt=-pass-through=-lgcc -plugin-opt=-pass-through=-lgcc_eh -plugin-opt=-pass-through=-lmoldname -plugin-opt=-pass-through=-lmingwex -plugin-opt=-pass-through=-lmsvcrt -m i386pep -Bdynamic -o cmTC_98244.exe /usr/lib/gcc/x86_64-w64-mingw32/9.3-win32/../../../../x86_64-w64-mingw32/lib/crt2.o /usr/lib/gcc/x86_64-w64-mingw32/9.3-win32/crtbegin.o -L/usr/lib/gcc/x86_64-w64-mingw32/9.3-win32 -L/usr/lib/gcc/x86_64-w64-mingw32/9.3-win32/../../../../x86_64-w64-mingw32/lib --whole-archive CMakeFiles/cmTC_98244.dir/objects.a --no-whole-archive --out-implib libcmTC_98244.dll.a --major-image-version 0 --minor-image-version 0 -Bstatic -lstdc++ -Bdynamic -lmingw32 -lgcc -lgcc_eh -lmoldname -lmingwex -lmsvcrt -ladvapi32 -lshell32 -luser32 -lkernel32 -lmingw32 -lgcc -lgcc_eh -lmoldname -lmingwex -lmsvcrt /usr/lib/gcc/x86_64-w64-mingw32/9.3-win32/crtend.o
COLLECT_GCC_OPTIONS='-static-libgcc' '-v' '-o' 'cmTC_98244.exe' '-mtune=generic' '-march=x86-64'
make[1]: Leaving directory '/home/grant/Projects/compiled/hello/build/CMakeFiles/CMakeTmp'



Parsed CXX implicit include dir info from above output: rv=done
  found start of include info
  found start of implicit include info
    add: [/usr/lib/gcc/x86_64-w64-mingw32/9.3-win32/include/c++]
    add: [/usr/lib/gcc/x86_64-w64-mingw32/9.3-win32/include/c++/x86_64-w64-mingw32]
    add: [/usr/lib/gcc/x86_64-w64-mingw32/9.3-win32/include/c++/backward]
    add: [/usr/lib/gcc/x86_64-w64-mingw32/9.3-win32/include]
    add: [/usr/lib/gcc/x86_64-w64-mingw32/9.3-win32/include-fixed]
    add: [/usr/lib/gcc/x86_64-w64-mingw32/9.3-win32/../../../../x86_64-w64-mingw32/include]
  end of search list found
  collapse include dir [/usr/lib/gcc/x86_64-w64-mingw32/9.3-win32/include/c++] ==> [/usr/lib/gcc/x86_64-w64-mingw32/9.3-win32/include/c++]
  collapse include dir [/usr/lib/gcc/x86_64-w64-mingw32/9.3-win32/include/c++/x86_64-w64-mingw32] ==> [/usr/lib/gcc/x86_64-w64-mingw32/9.3-win32/include/c++/x86_64-w64-mingw32]
  collapse include dir [/usr/lib/gcc/x86_64-w64-mingw32/9.3-win32/include/c++/backward] ==> [/usr/lib/gcc/x86_64-w64-mingw32/9.3-win32/include/c++/backward]
  collapse include dir [/usr/lib/gcc/x86_64-w64-mingw32/9.3-win32/include] ==> [/usr/lib/gcc/x86_64-w64-mingw32/9.3-win32/include]
  collapse include dir [/usr/lib/gcc/x86_64-w64-mingw32/9.3-win32/include-fixed] ==> [/usr/lib/gcc/x86_64-w64-mingw32/9.3-win32/include-fixed]
  collapse include dir [/usr/lib/gcc/x86_64-w64-mingw32/9.3-win32/../../../../x86_64-w64-mingw32/include] ==> [/usr/x86_64-w64-mingw32/include]
  implicit include dirs: [/usr/lib/gcc/x86_64-w64-mingw32/9.3-win32/include/c++;/usr/lib/gcc/x86_64-w64-mingw32/9.3-win32/include/c++/x86_64-w64-mingw32;/usr/lib/gcc/x86_64-w64-mingw32/9.3-win32/include/c++/backward;/usr/lib/gcc/x86_64-w64-mingw32/9.3-win32/include;/usr/lib/gcc/x86_64-w64-mingw32/9.3-win32/include-fixed;/usr/x86_64-w64-mingw32/include]


Parsed CXX implicit link information from above output:
  link line regex: [^( *|.*[/\])(x86_64-w64-mingw32-ld|CMAKE_LINK_STARTFILE-NOTFOUND|([^/\]+-)?ld|collect2)[^/\]*( |$)]
  ignore line: [Change Dir: /home/grant/Projects/compiled/hello/build/CMakeFiles/CMakeTmp]
  ignore line: []
  ignore line: [Run Build Command(s):/usr/bin/make cmTC_98244/fast && /usr/bin/make -f CMakeFiles/cmTC_98244.dir/build.make CMakeFiles/cmTC_98244.dir/build]
  ignore line: [make[1]: Entering directory '/home/grant/Projects/compiled/hello/build/CMakeFiles/CMakeTmp']
  ignore line: [Building CXX object CMakeFiles/cmTC_98244.dir/CMakeCXXCompilerABI.cpp.obj]
  ignore line: [/usr/bin/x86_64-w64-mingw32-g++    -v -o CMakeFiles/cmTC_98244.dir/CMakeCXXCompilerABI.cpp.obj -c /usr/share/cmake-3.16/Modules/CMakeCXXCompilerABI.cpp]
  ignore line: [Using built-in specs.]
  ignore line: [COLLECT_GCC=/usr/bin/x86_64-w64-mingw32-g++]
  ignore line: [Target: x86_64-w64-mingw32]
  ignore line: [Configured with: ../../src/configure --build=x86_64-linux-gnu --prefix=/usr --includedir='/usr/include' --mandir='/usr/share/man' --infodir='/usr/share/info' --sysconfdir=/etc --localstatedir=/var --disable-silent-rules --libdir='/usr/lib/x86_64-linux-gnu' --libexecdir='/usr/lib/x86_64-linux-gnu' --disable-maintainer-mode --disable-dependency-tracking --prefix=/usr --enable-shared --enable-static --disable-multilib --with-system-zlib --libexecdir=/usr/lib --without-included-gettext --libdir=/usr/lib --enable-libstdcxx-time=yes --with-tune=generic --with-headers=/usr/x86_64-w64-mingw32/include --enable-version-specific-runtime-libs --enable-fully-dynamic-string --enable-libgomp --enable-languages=c,c++,fortran,objc,obj-c++,ada --enable-lto --enable-threads=win32 --program-suffix=-win32 --program-prefix=x86_64-w64-mingw32- --target=x86_64-w64-mingw32 --with-as=/usr/bin/x86_64-w64-mingw32-as --with-ld=/usr/bin/x86_64-w64-mingw32-ld --enable-libatomic --enable-libstdcxx-filesystem-ts=yes --enable-dependency-tracking]
  ignore line: [Thread model: win32]
  ignore line: [gcc version 9.3-win32 20200320 (GCC) ]
  ignore line: [COLLECT_GCC_OPTIONS='-v' '-o' 'CMakeFiles/cmTC_98244.dir/CMakeCXXCompilerABI.cpp.obj' '-c' '-shared-libgcc' '-mtune=generic' '-march=x86-64']
  ignore line: [ /usr/lib/gcc/x86_64-w64-mingw32/9.3-win32/cc1plus -quiet -v -U_REENTRANT /usr/share/cmake-3.16/Modules/CMakeCXXCompilerABI.cpp -quiet -dumpbase CMakeCXXCompilerABI.cpp -mtune=generic -march=x86-64 -auxbase-strip CMakeFiles/cmTC_98244.dir/CMakeCXXCompilerABI.cpp.obj -version -o /tmp/ccIcUbqM.s]
  ignore line: [GNU C++14 (GCC) version 9.3-win32 20200320 (x86_64-w64-mingw32)]
  ignore line: [	compiled by GNU C version 9.3.0  GMP version 6.2.0  MPFR version 4.0.2  MPC version 1.1.0  isl version isl-0.22.1-GMP]
  ignore line: []
  ignore line: [GGC heuristics: --param ggc-min-expand=100 --param ggc-min-heapsize=131072]
  ignore line: [ignoring nonexistent directory "/usr/lib/gcc/x86_64-w64-mingw32/9.3-win32/../../../../x86_64-w64-mingw32/sys-include"]
  ignore line: [#include "..." search starts here:]
  ignore line: [#include <...> search starts here:]
  ignore line: [ /usr/lib/gcc/x86_64-w64-mingw32/9.3-win32/include/c++]
  ignore line: [ /usr/lib/gcc/x86_64-w64-mingw32/9.3-win32/include/c++/x86_64-w64-mingw32]
  ignore line: [ /usr/lib/gcc/x86_64-w64-mingw32/9.3-win32/include/c++/backward]
  ignore line: [ /usr/lib/gcc/x86_64-w64-mingw32/9.3-win32/include]
  ignore line: [ /usr/lib/gcc/x86_64-w64-mingw32/9.3-win32/include-fixed]
  ignore line: [ /usr/lib/gcc/x86_64-w64-mingw32/9.3-win32/../../../../x86_64-w64-mingw32/include]
  ignore line: [End of search list.]
  ignore line: [GNU C++14 (GCC) version 9.3-win32 20200320 (x86_64-w64-mingw32)]
  ignore line: [	compiled by GNU C version 9.3.0  GMP version 6.2.0  MPFR version 4.0.2  MPC version 1.1.0  isl version isl-0.22.1-GMP]
  ignore line: []
  ignore line: [GGC heuristics: --param ggc-min-expand=100 --param ggc-min-heapsize=131072]
  ignore line: [Compiler executable checksum: d7836c7d3b98738076e9d0390d68a018]
  ignore line: [COLLECT_GCC_OPTIONS='-v' '-o' 'CMakeFiles/cmTC_98244.dir/CMakeCXXCompilerABI.cpp.obj' '-c' '-shared-libgcc' '-mtune=generic' '-march=x86-64']
  ignore line: [ /usr/bin/x86_64-w64-mingw32-as -v -o CMakeFiles/cmTC_98244.dir/CMakeCXXCompilerABI.cpp.obj /tmp/ccIcUbqM.s]
  ignore line: [GNU assembler version 2.34 (x86_64-w64-mingw32) using BFD version (GNU Binutils) 2.34]
  ignore line: [COMPILER_PATH=/usr/lib/gcc/x86_64-w64-mingw32/9.3-win32/:/usr/lib/gcc/x86_64-w64-mingw32/9.3-win32/:/usr/lib/gcc/x86_64-w64-mingw32/:/usr/lib/gcc/x86_64-w64-mingw32/9.3-win32/:/usr/lib/gcc/x86_64-w64-mingw32/:/usr/lib/gcc/x86_64-w64-mingw32/9.3-win32/../../../../x86_64-w64-mingw32/bin/]
  ignore line: [LIBRARY_PATH=/usr/lib/gcc/x86_64-w64-mingw32/9.3-win32/:/usr/lib/gcc/x86_64-w64-mingw32/9.3-win32/../../../../x86_64-w64-mingw32/lib/]
  ignore line: [COLLECT_GCC_OPTIONS='-v' '-o' 'CMakeFiles/cmTC_98244.dir/CMakeCXXCompilerABI.cpp.obj' '-c' '-shared-libgcc' '-mtune=generic' '-march=x86-64']
  ignore line: [Linking CXX executable cmTC_98244.exe]
  ignore line: [/usr/bin/cmake -E cmake_link_script CMakeFiles/cmTC_98244.dir/link.txt --verbose=1]
  ignore line: [/usr/bin/cmake -E remove -f CMakeFiles/cmTC_98244.dir/objects.a]
  ignore line: [/usr/bin/x86_64-w64-mingw32-ar cr CMakeFiles/cmTC_98244.dir/objects.a @CMakeFiles/cmTC_98244.dir/objects1.rsp]
  ignore line: [/usr/bin/x86_64-w64-mingw32-g++    -static-libgcc -static-libstdc++ -v -Wl --whole-archive CMakeFiles/cmTC_98244.dir/objects.a -Wl --no-whole-archive  -o cmTC_98244.exe -Wl --out-implib libcmTC_98244.dll.a -Wl --major-image-version 0 --minor-image-version 0 ]
  ignore line: [Using built-in specs.]
  ignore line: [COLLECT_GCC=/usr/bin/x86_64-w64-mingw32-g++]
  ignore line: [COLLECT_LTO_WRAPPER=/usr/lib/gcc/x86_64-w64-mingw32/9.3-win32/lto-wrapper]
  ignore line: [Target: x86_64-w64-mingw32]
  ignore line: [Configured with: ../../src/configure --build=x86_64-linux-gnu --prefix=/usr --includedir='/usr/include' --mandir='/usr/share/man' --infodir='/usr/share/info' --sysconfdir=/etc --localstatedir=/var --disable-silent-rules --libdir='/usr/lib/x86_64-linux-gnu' --libexecdir='/usr/lib/x86_64-linux-gnu' --disable-maintainer-mode --disable-dependency-tracking --prefix=/usr --enable-shared --enable-static --disable-multilib --with-system-zlib --libexecdir=/usr/lib --without-included-gettext --libdir=/usr/lib --enable-libstdcxx-time=yes --with-tune=generic --with-headers=/usr/x86_64-w64-mingw32/include --enable-version-specific-runtime-libs --enable-fully-dynamic-string --enable-libgomp --enable-languages=c,c++,fortran,objc,obj-c++,ada --enable-lto --enable-threads=win32 --program-suffix=-win32 --program-prefix=x86_64-w64-mingw32- --target=x86_64-w64-mingw32 --with-as=/usr/bin/x86_64-w64-mingw32-as --with-ld=/usr/bin/x86_64-w64-mingw32-ld --enable-libatomic --enable-libstdcxx-filesystem-ts=yes --enable-dependency-tracking]
  ignore line: [Thread model: win32]
  ignore line: [gcc version 9.3-win32 20200320 (GCC) ]
  ignore line: [COMPILER_PATH=/usr/lib/gcc/x86_64-w64-mingw32/9.3-win32/:/usr/lib/gcc/x86_64-w64-mingw32/9.3-win32/:/usr/lib/gcc/x86_64-w64-mingw32/:/usr/lib/gcc/x86_64-w64-mingw32/9.3-win32/:/usr/lib/gcc/x86_64-w64-mingw32/:/usr/lib/gcc/x86_64-w64-mingw32/9.3-win32/../../../../x86_64-w64-mingw32/bin/]
  ignore line: [LIBRARY_PATH=/usr/lib/gcc/x86_64-w64-mingw32/9.3-win32/:/usr/lib/gcc/x86_64-w64-mingw32/9.3-win32/../../../../x86_64-w64-mingw32/lib/]
  ignore line: [COLLECT_GCC_OPTIONS='-static-libgcc' '-v' '-o' 'cmTC_98244.exe' '-mtune=generic' '-march=x86-64']
  link line: [ /usr/lib/gcc/x86_64-w64-mingw32/9.3-win32/collect2 -plugin /usr/lib/gcc/x86_64-w64-mingw32/9.3-win32/liblto_plugin.so -plugin-opt=/usr/lib/gcc/x86_64-w64-mingw32/9.3-win32/lto-wrapper -plugin-opt=-fresolution=/tmp/ccP5dX7p.res -plugin-opt=-pass-through=-lmingw32 -plugin-opt=-pass-through=-lgcc -plugin-opt=-pass-through=-lgcc_eh -plugin-opt=-pass-through=-lmoldname -plugin-opt=-pass-through=-lmingwex -plugin-opt=-pass-through=-lmsvcrt -plugin-opt=-pass-through=-ladvapi32 -plugin-opt=-pass-through=-lshell32 -plugin-opt=-pass-through=-luser32 -plugin-opt=-pass-through=-lkernel32 -plugin-opt=-pass-through=-lmingw32 -plugin-opt=-pass-through=-lgcc -plugin-opt=-pass-through=-lgcc_eh -plugin-opt=-pass-through=-lmoldname -plugin-opt=-pass-through=-lmingwex -plugin-opt=-pass-through=-lmsvcrt -m i386pep -Bdynamic -o cmTC_98244.exe /usr/lib/gcc/x86_64-w64-mingw32/9.3-win32/../../../../x86_64-w64-mingw32/lib/crt2.o /usr/lib/gcc/x86_64-w64-mingw32/9.3-win32/crtbegin.o -L/usr/lib/gcc/x86_64-w64-mingw32/9.3-win32 -L/usr/lib/gcc/x86_64-w64-mingw32/9.3-win32/../../../../x86_64-w64-mingw32/lib --whole-archive CMakeFiles/cmTC_98244.dir/objects.a --no-whole-archive --out-implib libcmTC_98244.dll.a --major-image-version 0 --minor-image-version 0 -Bstatic -lstdc++ -Bdynamic -lmingw32 -lgcc -lgcc_eh -lmoldname -lmingwex -lmsvcrt -ladvapi32 -lshell32 -luser32 -lkernel32 -lmingw32 -lgcc -lgcc_eh -lmoldname -lmingwex -lmsvcrt /usr/lib/gcc/x86_64-w64-mingw32/9.3-win32/crtend.o]
    arg [/usr/lib/gcc/x86_64-w64-mingw32/9.3-win32/collect2] ==> ignore
    arg [-plugin] ==> ignore
    arg [/usr/lib/gcc/x86_64-w64-mingw32/9.3-win32/liblto_plugin.so] ==> ignore
    arg [-plugin-opt=/usr/lib/gcc/x86_64-w64-mingw32/9.3-win32/lto-wrapper] ==> ignore
    arg [-plugin-opt=-fresolution=/tmp/ccP5dX7p.res] ==> ignore
    arg [-plugin-opt=-pass-through=-lmingw32] ==> ignore
    arg [-plugin-opt=-pass-through=-lgcc] ==> ignore
    arg [-plugin-opt=-pass-through=-lgcc_eh] ==> ignore
    arg [-plugin-opt=-pass-through=-lmoldname] ==> ignore
    arg [-plugin-opt=-pass-through=-lmingwex] ==> ignore
    arg [-plugin-opt=-pass-through=-lmsvcrt] ==> ignore
    arg [-plugin-opt=-pass-through=-ladvapi32] ==> ignore
    arg [-plugin-opt=-pass-through=-lshell32] ==> ignore
    arg [-plugin-opt=-pass-through=-luser32] ==> ignore
    arg [-plugin-opt=-pass-through=-lkernel32] ==> ignore
    arg [-plugin-opt=-pass-through=-lmingw32] ==> ignore
    arg [-plugin-opt=-pass-through=-lgcc] ==> ignore
    arg [-plugin-opt=-pass-through=-lgcc_eh] ==> ignore
    arg [-plugin-opt=-pass-through=-lmoldname] ==> ignore
    arg [-plugin-opt=-pass-through=-lmingwex] ==> ignore
    arg [-plugin-opt=-pass-through=-lmsvcrt] ==> ignore
    arg [-m] ==> ignore
    arg [i386pep] ==> ignore
    arg [-Bdynamic] ==> ignore
    arg [-o] ==> ignore
    arg [cmTC_98244.exe] ==> ignore
    arg [/usr/lib/gcc/x86_64-w64-mingw32/9.3-win32/../../../../x86_64-w64-mingw32/lib/crt2.o] ==> ignore
    arg [/usr/lib/gcc/x86_64-w64-mingw32/9.3-win32/crtbegin.o] ==> ignore
    arg [-L/usr/lib/gcc/x86_64-w64-mingw32/9.3-win32] ==> dir [/usr/lib/gcc/x86_64-w64-mingw32/9.3-win32]
    arg [-L/usr/lib/gcc/x86_64-w64-mingw32/9.3-win32/../../../../x86_64-w64-mingw32/lib] ==> dir [/usr/lib/gcc/x86_64-w64-mingw32/9.3-win32/../../../../x86_64-w64-mingw32/lib]
    arg [--whole-archive] ==> ignore
    arg [CMakeFiles/cmTC_98244.dir/objects.a] ==> ignore
    arg [--no-whole-archive] ==> ignore
    arg [--out-implib] ==> ignore
    arg [libcmTC_98244.dll.a] ==> ignore
    arg [--major-image-version] ==> ignore
    arg [0] ==> ignore
    arg [--minor-image-version] ==> ignore
    arg [0] ==> ignore
    arg [-Bstatic] ==> ignore
    arg [-lstdc++] ==> lib [stdc++]
    arg [-Bdynamic] ==> ignore
    arg [-lmingw32] ==> lib [mingw32]
    arg [-lgcc] ==> lib [gcc]
    arg [-lgcc_eh] ==> lib [gcc_eh]
    arg [-lmoldname] ==> lib [moldname]
    arg [-lmingwex] ==> lib [mingwex]
    arg [-lmsvcrt] ==> lib [msvcrt]
    arg [-ladvapi32] ==> lib [advapi32]
    arg [-lshell32] ==> lib [shell32]
    arg [-luser32] ==> lib [user32]
    arg [-lkernel32] ==> lib [kernel32]
    arg [-lmingw32] ==> lib [mingw32]
    arg [-lgcc] ==> lib [gcc]
    arg [-lgcc_eh] ==> lib [gcc_eh]
    arg [-lmoldname] ==> lib [moldname]
    arg [-lmingwex] ==> lib [mingwex]
    arg [-lmsvcrt] ==> lib [msvcrt]
    arg [/usr/lib/gcc/x86_64-w64-mingw32/9.3-win32/crtend.o] ==> ignore
  remove lib [gcc_eh]
  remove lib [msvcrt]
  remove lib [gcc_eh]
  remove lib [msvcrt]
  collapse library dir [/usr/lib/gcc/x86_64-w64-mingw32/9.3-win32] ==> [/usr/lib/gcc/x86_64-w64-mingw32/9.3-win32]
  collapse library dir [/usr/lib/gcc/x86_64-w64-mingw32/9.3-win32/../../../../x86_64-w64-mingw32/lib] ==> [/usr/x86_64-w64-mingw32/lib]
  implicit libs: [stdc++;mingw32;gcc;moldname;mingwex;advapi32;shell32;user32;kernel32;mingw32;gcc;moldname;mingwex]
  implicit dirs: [/usr/lib/gcc/x86_64-w64-mingw32/9.3-win32;/usr/x86_64-w64-mingw32/lib]
  implicit fwks: []


